2020-07-07T09:54:15+00:00 CRITICAL Uncaught Error: Call to undefined function wp_content() in /Users/laurathay/Desktop/Projets/Wordpress/wp-content/themes/laura/front-page.php:44
Stack trace:
#0 /Users/laurathay/Desktop/Projets/Wordpress/wp-includes/template-loader.php(106): include()
#1 /Users/laurathay/Desktop/Projets/Wordpress/wp-blog-header.php(19): require_once('/Users/lauratha...')
#2 /Users/laurathay/Desktop/Projets/Wordpress/index.php(17): require('/Users/lauratha...')
#3 {main}
  thrown dans /Users/laurathay/Desktop/Projets/Wordpress/wp-content/themes/laura/front-page.php à la ligne 44

2020-07-07T10:43:49+00:00 CRITICAL Uncaught Error: Call to undefined function is_active_custom_logo() in /Users/laurathay/Desktop/Projets/Wordpress/wp-content/themes/laura/header.php:18
Stack trace:
#0 /Users/laurathay/Desktop/Projets/Wordpress/wp-includes/template.php(723): require_once()
#1 /Users/laurathay/Desktop/Projets/Wordpress/wp-includes/template.php(672): load_template('/Users/lauratha...', true)
#2 /Users/laurathay/Desktop/Projets/Wordpress/wp-includes/general-template.php(41): locate_template(Array, true)
#3 /Users/laurathay/Desktop/Projets/Wordpress/wp-content/themes/laura/front-page.php(1): get_header()
#4 /Users/laurathay/Desktop/Projets/Wordpress/wp-includes/template-loader.php(106): include('/Users/lauratha...')
#5 /Users/laurathay/Desktop/Projets/Wordpress/wp-blog-header.php(19): require_once('/Users/lauratha...')
#6 /Users/laurathay/Desktop/Projets/Wordpress/index.php(17): require('/Users/lauratha...')
#7 {main}
  thrown dans /Users/laurathay/Desktop/Projets/Wordpress/wp-content/themes/laura/header.php à la ligne 18

2020-07-07T10:43:50+00:00 CRITICAL Uncaught Error: Call to undefined function is_active_custom_logo() in /Users/laurathay/Desktop/Projets/Wordpress/wp-content/themes/laura/header.php:18
Stack trace:
#0 /Users/laurathay/Desktop/Projets/Wordpress/wp-includes/template.php(723): require_once()
#1 /Users/laurathay/Desktop/Projets/Wordpress/wp-includes/template.php(672): load_template('/Users/lauratha...', true)
#2 /Users/laurathay/Desktop/Projets/Wordpress/wp-includes/general-template.php(41): locate_template(Array, true)
#3 /Users/laurathay/Desktop/Projets/Wordpress/wp-content/themes/laura/index.php(1): get_header()
#4 /Users/laurathay/Desktop/Projets/Wordpress/wp-includes/template-loader.php(106): include('/Users/lauratha...')
#5 /Users/laurathay/Desktop/Projets/Wordpress/wp-blog-header.php(19): require_once('/Users/lauratha...')
#6 /Users/laurathay/Desktop/Projets/Wordpress/index.php(17): require('/Users/lauratha...')
#7 {main}
  thrown dans /Users/laurathay/Desktop/Projets/Wordpress/wp-content/themes/laura/header.php à la ligne 18

2020-07-07T10:48:01+00:00 CRITICAL syntax error, unexpected 'endif' (T_ENDIF), expecting end of file dans /Users/laurathay/Desktop/Projets/Wordpress/wp-content/themes/laura/header.php à la ligne 75

